<?xml version="1.0" encoding="UTF-8"?>
<testng-results total="1" passed="1" failed="0" skipped="0">
  <reporter-output>
  </reporter-output>
  <suite started-at="2022-06-27T03:20:41Z" name="Suite" finished-at="2022-06-27T03:21:03Z" duration-ms="21835">
    <groups>
      <group name="cucumber">
        <method signature="AbstractTestNGCucumberTests.feature(cucumber.api.testng.CucumberFeatureWrapper)[pri:0, instance:runners.PositiveTest@1afd44cb]" name="feature" class="cucumber.api.testng.AbstractTestNGCucumberTests"/>
      </group> <!-- cucumber -->
    </groups>
    <test started-at="2022-06-27T03:20:41Z" name="Test" finished-at="2022-06-27T03:21:03Z" duration-ms="21835">
      <class name="runners.PositiveTest">
        <test-method is-config="true" signature="setUpClass()[pri:0, instance:runners.PositiveTest@1afd44cb]" started-at="2022-06-27T10:20:41Z" name="setUpClass" finished-at="2022-06-27T10:20:42Z" duration-ms="292" status="PASS">
          <reporter-output>
          </reporter-output>
        </test-method> <!-- setUpClass -->
        <test-method is-config="true" signature="setup()[pri:0, instance:runners.PositiveTest@1afd44cb]" started-at="2022-06-27T10:20:42Z" name="setup" finished-at="2022-06-27T10:20:42Z" duration-ms="431" status="PASS">
          <reporter-output>
          </reporter-output>
        </test-method> <!-- setup -->
        <test-method signature="feature(cucumber.api.testng.CucumberFeatureWrapper)[pri:0, instance:runners.PositiveTest@1afd44cb]" started-at="2022-06-27T10:20:42Z" name="feature" description="Runs Cucumber Feature" data-provider="features" finished-at="2022-06-27T10:21:03Z" duration-ms="20958" status="PASS">
          <params>
            <param index="0">
              <value>
                <![CDATA[Acceptance testing to validate Search Cars Page is working.]]>
              </value>
            </param>
          </params>
          <reporter-output>
          </reporter-output>
        </test-method> <!-- feature -->
        <test-method is-config="true" signature="tearDownClass()[pri:0, instance:runners.PositiveTest@1afd44cb]" started-at="2022-06-27T10:21:03Z" name="tearDownClass" finished-at="2022-06-27T10:21:03Z" duration-ms="75" status="PASS">
          <reporter-output>
          </reporter-output>
        </test-method> <!-- tearDownClass -->
      </class> <!-- runners.PositiveTest -->
    </test> <!-- Test -->
  </suite> <!-- Suite -->
</testng-results>
