<?xml version="1.0" encoding="UTF-8"?>
<testng-results total="1" passed="1" failed="0" skipped="0">
  <reporter-output>
  </reporter-output>
  <suite started-at="2022-06-27T08:10:24Z" name="Suite" finished-at="2022-06-27T08:10:41Z" duration-ms="17003">
    <groups>
      <group name="cucumber">
        <method signature="AbstractTestNGCucumberTests.feature(cucumber.api.testng.CucumberFeatureWrapper)[pri:0, instance:runners.PositiveTest@1afd44cb]" name="feature" class="cucumber.api.testng.AbstractTestNGCucumberTests"/>
      </group> <!-- cucumber -->
    </groups>
    <test started-at="2022-06-27T08:10:24Z" name="Test" finished-at="2022-06-27T08:10:41Z" duration-ms="17003">
      <class name="runners.PositiveTest">
        <test-method is-config="true" signature="setUpClass()[pri:0, instance:runners.PositiveTest@1afd44cb]" started-at="2022-06-27T15:10:24Z" name="setUpClass" finished-at="2022-06-27T15:10:25Z" duration-ms="307" status="PASS">
          <reporter-output>
          </reporter-output>
        </test-method> <!-- setUpClass -->
        <test-method is-config="true" signature="setup()[pri:0, instance:runners.PositiveTest@1afd44cb]" started-at="2022-06-27T15:10:25Z" name="setup" finished-at="2022-06-27T15:10:25Z" duration-ms="430" status="PASS">
          <reporter-output>
          </reporter-output>
        </test-method> <!-- setup -->
        <test-method signature="feature(cucumber.api.testng.CucumberFeatureWrapper)[pri:0, instance:runners.PositiveTest@1afd44cb]" started-at="2022-06-27T15:10:25Z" name="feature" description="Runs Cucumber Feature" data-provider="features" finished-at="2022-06-27T15:10:41Z" duration-ms="16092" status="PASS">
          <params>
            <param index="0">
              <value>
                <![CDATA[Acceptance testing to validate Search Cars Page is working.]]>
              </value>
            </param>
          </params>
          <reporter-output>
          </reporter-output>
        </test-method> <!-- feature -->
        <test-method is-config="true" signature="tearDownClass()[pri:0, instance:runners.PositiveTest@1afd44cb]" started-at="2022-06-27T15:10:41Z" name="tearDownClass" finished-at="2022-06-27T15:10:41Z" duration-ms="80" status="PASS">
          <reporter-output>
          </reporter-output>
        </test-method> <!-- tearDownClass -->
      </class> <!-- runners.PositiveTest -->
    </test> <!-- Test -->
  </suite> <!-- Suite -->
</testng-results>
